<?xml version="1.0" encoding="UTF-8"?>
<testng-results ignored="0" total="1" passed="1" failed="0" skipped="0">
  <reporter-output>
  </reporter-output>
  <suite started-at="2022-04-26T10:19:39 IST" name="Default suite" finished-at="2022-04-26T10:19:56 IST" duration-ms="16710">
    <groups>
    </groups>
    <test started-at="2022-04-26T10:19:39 IST" name="Default test" finished-at="2022-04-26T10:19:56 IST" duration-ms="16710">
      <class name="actionexample.DragDropExample">
        <test-method is-config="true" signature="launchApp()[pri:0, instance:actionexample.DragDropExample@37d4349f]" started-at="2022-04-26T10:19:39 IST" name="launchApp" finished-at="2022-04-26T10:19:47 IST" duration-ms="7955" status="PASS">
          <reporter-output>
          </reporter-output>
        </test-method> <!-- launchApp -->
        <test-method signature="dragDropTest2()[pri:0, instance:actionexample.DragDropExample@37d4349f]" started-at="2022-04-26T10:19:47 IST" name="dragDropTest2" finished-at="2022-04-26T10:19:48 IST" duration-ms="518" status="PASS">
          <reporter-output>
          </reporter-output>
        </test-method> <!-- dragDropTest2 -->
        <test-method is-config="true" signature="closeApp()[pri:0, instance:actionexample.DragDropExample@37d4349f]" started-at="2022-04-26T10:19:48 IST" name="closeApp" finished-at="2022-04-26T10:19:56 IST" duration-ms="8194" status="PASS">
          <reporter-output>
          </reporter-output>
        </test-method> <!-- closeApp -->
      </class> <!-- actionexample.DragDropExample -->
    </test> <!-- Default test -->
  </suite> <!-- Default suite -->
</testng-results>
